<?xml version="1.0" encoding="UTF-8"?>
<testsuite xmlns:xsi="http://www.w3.org/2001/XMLSchema-instance" xsi:noNamespaceSchemaLocation="https://maven.apache.org/surefire/maven-surefire-plugin/xsd/surefire-test-report-3.0.xsd" version="3.0" name="HistoricoNavegacaoTest" time="0.046" tests="9" errors="0" skipped="0" failures="0">
  <properties>
    <property name="java.specification.version" value="21"/>
    <property name="sun.cpu.isalist" value="amd64"/>
    <property name="sun.jnu.encoding" value="Cp1252"/>
    <property name="java.class.path" value="C:\Projetos Java\tarefaEst\ProjetosEstruturaDados1\Projetos\HistoricoNavega\historicodenavegacao\target\test-classes;C:\Projetos Java\tarefaEst\ProjetosEstruturaDados1\Projetos\HistoricoNavega\historicodenavegacao\target\classes;C:\Users\lucas\.m2\repository\org\junit\jupiter\junit-jupiter\5.10.3\junit-jupiter-5.10.3.jar;C:\Users\lucas\.m2\repository\org\junit\jupiter\junit-jupiter-api\5.10.3\junit-jupiter-api-5.10.3.jar;C:\Users\lucas\.m2\repository\org\opentest4j\opentest4j\1.3.0\opentest4j-1.3.0.jar;C:\Users\lucas\.m2\repository\org\junit\platform\junit-platform-commons\1.10.3\junit-platform-commons-1.10.3.jar;C:\Users\lucas\.m2\repository\org\apiguardian\apiguardian-api\1.1.2\apiguardian-api-1.1.2.jar;C:\Users\lucas\.m2\repository\org\junit\jupiter\junit-jupiter-params\5.10.3\junit-jupiter-params-5.10.3.jar;C:\Users\lucas\.m2\repository\org\junit\jupiter\junit-jupiter-engine\5.10.3\junit-jupiter-engine-5.10.3.jar;C:\Users\lucas\.m2\repository\org\junit\platform\junit-platform-engine\1.10.3\junit-platform-engine-1.10.3.jar;"/>
    <property name="java.vm.vendor" value="Oracle Corporation"/>
    <property name="sun.arch.data.model" value="64"/>
    <property name="user.variant" value=""/>
    <property name="java.vendor.url" value="https://java.oracle.com/"/>
    <property name="user.timezone" value="America/Sao_Paulo"/>
    <property name="os.name" value="Windows 11"/>
    <property name="java.vm.specification.version" value="21"/>
    <property name="user.country" value="BR"/>
    <property name="sun.java.launcher" value="SUN_STANDARD"/>
    <property name="sun.boot.library.path" value="C:\Users\lucas\OneDrive\Documentos\projetos\data-structures-main\java\junit-setup\src\test\java\br\com\junitsetup\exercicio\OpenJDK-21\bin"/>
    <property name="sun.java.command" value="C:\Users\lucas\AppData\Local\Temp\surefire8473985015316255403\surefirebooter-20241203152445083_3.jar C:\Users\lucas\AppData\Local\Temp\surefire8473985015316255403 2024-12-03T15-24-45_008-jvmRun1 surefire-20241203152445083_1tmp surefire_0-20241203152445083_2tmp"/>
    <property name="jdk.debug" value="release"/>
    <property name="test" value="HistoricoNavegacaoTest"/>
    <property name="surefire.test.class.path" value="C:\Projetos Java\tarefaEst\ProjetosEstruturaDados1\Projetos\HistoricoNavega\historicodenavegacao\target\test-classes;C:\Projetos Java\tarefaEst\ProjetosEstruturaDados1\Projetos\HistoricoNavega\historicodenavegacao\target\classes;C:\Users\lucas\.m2\repository\org\junit\jupiter\junit-jupiter\5.10.3\junit-jupiter-5.10.3.jar;C:\Users\lucas\.m2\repository\org\junit\jupiter\junit-jupiter-api\5.10.3\junit-jupiter-api-5.10.3.jar;C:\Users\lucas\.m2\repository\org\opentest4j\opentest4j\1.3.0\opentest4j-1.3.0.jar;C:\Users\lucas\.m2\repository\org\junit\platform\junit-platform-commons\1.10.3\junit-platform-commons-1.10.3.jar;C:\Users\lucas\.m2\repository\org\apiguardian\apiguardian-api\1.1.2\apiguardian-api-1.1.2.jar;C:\Users\lucas\.m2\repository\org\junit\jupiter\junit-jupiter-params\5.10.3\junit-jupiter-params-5.10.3.jar;C:\Users\lucas\.m2\repository\org\junit\jupiter\junit-jupiter-engine\5.10.3\junit-jupiter-engine-5.10.3.jar;C:\Users\lucas\.m2\repository\org\junit\platform\junit-platform-engine\1.10.3\junit-platform-engine-1.10.3.jar;"/>
    <property name="sun.cpu.endian" value="little"/>
    <property name="user.home" value="C:\Users\lucas"/>
    <property name="user.language" value="pt"/>
    <property name="java.specification.vendor" value="Oracle Corporation"/>
    <property name="java.version.date" value="2024-01-16"/>
    <property name="java.home" value="C:\Users\lucas\OneDrive\Documentos\projetos\data-structures-main\java\junit-setup\src\test\java\br\com\junitsetup\exercicio\OpenJDK-21"/>
    <property name="file.separator" value="\"/>
    <property name="basedir" value="C:\Projetos Java\tarefaEst\ProjetosEstruturaDados1\Projetos\HistoricoNavega\historicodenavegacao"/>
    <property name="java.vm.compressedOopsMode" value="Zero based"/>
    <property name="line.separator" value="&#10;"/>
    <property name="java.vm.specification.vendor" value="Oracle Corporation"/>
    <property name="java.specification.name" value="Java Platform API Specification"/>
    <property name="surefire.real.class.path" value="C:\Users\lucas\AppData\Local\Temp\surefire8473985015316255403\surefirebooter-20241203152445083_3.jar"/>
    <property name="user.script" value=""/>
    <property name="sun.management.compiler" value="HotSpot 64-Bit Tiered Compilers"/>
    <property name="java.runtime.version" value="21.0.2+13-58"/>
    <property name="user.name" value="lucas"/>
    <property name="stdout.encoding" value="Cp1252"/>
    <property name="path.separator" value=";"/>
    <property name="os.version" value="10.0"/>
    <property name="java.runtime.name" value="OpenJDK Runtime Environment"/>
    <property name="file.encoding" value="UTF-8"/>
    <property name="java.vm.name" value="OpenJDK 64-Bit Server VM"/>
    <property name="maven.ext.class.path" value="C:\Users\lucas\.vscode\extensions\oracle.oracle-java-23.0.1\nbcode\java\maven-nblib\netbeans-eventspy.jar"/>
    <property name="localRepository" value="C:\Users\lucas\.m2\repository"/>
    <property name="java.vendor.url.bug" value="https://bugreport.java.com/bugreport/"/>
    <property name="java.io.tmpdir" value="C:\Users\lucas\AppData\Local\Temp\"/>
    <property name="java.version" value="21.0.2"/>
    <property name="user.dir" value="C:\Projetos Java\tarefaEst\ProjetosEstruturaDados1\Projetos\HistoricoNavega\historicodenavegacao"/>
    <property name="os.arch" value="amd64"/>
    <property name="java.vm.specification.name" value="Java Virtual Machine Specification"/>
    <property name="sun.os.patch.level" value=""/>
    <property name="native.encoding" value="Cp1252"/>
    <property name="java.library.path" value="C:\Users\lucas\OneDrive\Documentos\projetos\data-structures-main\java\junit-setup\src\test\java\br\com\junitsetup\exercicio\OpenJDK-21\bin;C:\WINDOWS\Sun\Java\bin;C:\WINDOWS\system32;C:\WINDOWS;C:\Program Files\Microsoft MPI\Bin\;C:\Program Files\Common Files\Oracle\Java\javapath;C:\Program Files\Eclipse Adoptium\jdk-21.0.4.7-hotspot\bin;C:\WINDOWS\system32;C:\WINDOWS;C:\WINDOWS\System32\Wbem;C:\WINDOWS\System32\WindowsPowerShell\v1.0\;C:\WINDOWS\System32\OpenSSH\;C:\Program Files (x86)\NVIDIA Corporation\PhysX\Common;C:\Program Files\Git\cmd;C:\Program Files\dotnet\;C:\Program Files\nodejs\;C:\ProgramData\chocolatey\bin;C:\Program Files\NVIDIA Corporation\NVIDIA app\NvDLISR;C:\Users\lucas\AppData\Local\Programs\Python\Python312\Scripts\;C:\Users\lucas\AppData\Local\Programs\Python\Python312\;C:\Users\lucas\AppData\Local\Microsoft\WindowsApps;C:\Users\lucas\AppData\Local\Programs\Microsoft VS Code\bin;C:\Users\lucas\AppData\Local\GitHubDesktop\bin;C:\Users\lucas\AppData\Roaming\npm;;."/>
    <property name="java.vm.info" value="mixed mode, sharing"/>
    <property name="stderr.encoding" value="Cp1252"/>
    <property name="java.vendor" value="Oracle Corporation"/>
    <property name="java.vm.version" value="21.0.2+13-58"/>
    <property name="sun.io.unicode.encoding" value="UnicodeLittle"/>
    <property name="java.class.version" value="65.0"/>
  </properties>
  <testcase name="testAvancarSemPaginas" classname="HistoricoNavegacaoTest" time="0.016"/>
  <testcase name="testVoltarParaPaginaAnterior" classname="HistoricoNavegacaoTest" time="0.0"/>
  <testcase name="testExibirHistorico" classname="HistoricoNavegacaoTest" time="0.006">
    <system-out><![CDATA[Histórico de navegação:
3. https://web.whatsapp.com/
2. https://x.com/
1. https://www.instagram.com/
]]></system-out>
  </testcase>
  <testcase name="testAvancarAposLimpar" classname="HistoricoNavegacaoTest" time="0.001"/>
  <testcase name="testHistoricoComVariasPaginas" classname="HistoricoNavegacaoTest" time="0.001"/>
  <testcase name="testAvancarParaProximaPagina" classname="HistoricoNavegacaoTest" time="0.001"/>
  <testcase name="testAdicionarPagina" classname="HistoricoNavegacaoTest" time="0.0"/>
  <testcase name="testVoltarSemPaginas" classname="HistoricoNavegacaoTest" time="0.0"/>
  <testcase name="testLimparHistorico" classname="HistoricoNavegacaoTest" time="0.0"/>
</testsuite>